This is pdfTeX, Version 3.14159265-2.6-1.40.16 (TeX Live 2015) (preloaded format=pdflatex 2016.3.24)  9 FEB 2018 06:30
entering extended mode
 restricted \write18 enabled.
 file:line:error style messages enabled.
 %&-line parsing enabled.
**guariguanchi_doc.tex
(./guariguanchi_doc.tex
LaTeX2e <2015/01/01>
Babel <3.9l> and hyphenation patterns for 79 languages loaded.
(/usr/local/texlive/2015/texmf-dist/tex/latex/base/article.cls
Document Class: article 2014/09/29 v1.4h Standard LaTeX document class
(/usr/local/texlive/2015/texmf-dist/tex/latex/base/size11.clo
File: size11.clo 2014/09/29 v1.4h Standard LaTeX file (size option)
)
\c@part=\count79
\c@section=\count80
\c@subsection=\count81
\c@subsubsection=\count82
\c@paragraph=\count83
\c@subparagraph=\count84
\c@figure=\count85
\c@table=\count86
\abovecaptionskip=\skip41
\belowcaptionskip=\skip42
\bibindent=\dimen102
)
(/usr/local/texlive/2015/texmf-dist/tex/latex/ntgclass/a4.sty
Package: a4 2004/04/15 v1.2g A4 based page layout
)
(/usr/local/texlive/2015/texmf-dist/tex/latex/amsfonts/amssymb.sty
Package: amssymb 2013/01/14 v3.01 AMS font symbols

(/usr/local/texlive/2015/texmf-dist/tex/latex/amsfonts/amsfonts.sty
Package: amsfonts 2013/01/14 v3.01 Basic AMSFonts support
\@emptytoks=\toks14
\symAMSa=\mathgroup4
\symAMSb=\mathgroup5
LaTeX Font Info:    Overwriting math alphabet `\mathfrak' in version `bold'
(Font)                  U/euf/m/n --> U/euf/b/n on input line 106.
))
(/usr/local/texlive/2015/texmf-dist/tex/latex/rotating/rotating.sty
Package: rotating 2009/03/28 v2.16a rotated objects in LaTeX

(/usr/local/texlive/2015/texmf-dist/tex/latex/graphics/graphicx.sty
Package: graphicx 2014/10/28 v1.0g Enhanced LaTeX Graphics (DPC,SPQR)

(/usr/local/texlive/2015/texmf-dist/tex/latex/graphics/keyval.sty
Package: keyval 2014/10/28 v1.15 key=value parser (DPC)
\KV@toks@=\toks15
)
(/usr/local/texlive/2015/texmf-dist/tex/latex/graphics/graphics.sty
Package: graphics 2014/10/28 v1.0p Standard LaTeX Graphics (DPC,SPQR)

(/usr/local/texlive/2015/texmf-dist/tex/latex/graphics/trig.sty
Package: trig 1999/03/16 v1.09 sin cos tan (DPC)
)
(/usr/local/texlive/2015/texmf-dist/tex/latex/latexconfig/graphics.cfg
File: graphics.cfg 2010/04/23 v1.9 graphics configuration of TeX Live
)
Package graphics Info: Driver file: pdftex.def on input line 94.

(/usr/local/texlive/2015/texmf-dist/tex/latex/pdftex-def/pdftex.def
File: pdftex.def 2011/05/27 v0.06d Graphics/color for pdfTeX

(/usr/local/texlive/2015/texmf-dist/tex/generic/oberdiek/infwarerr.sty
Package: infwarerr 2010/04/08 v1.3 Providing info/warning/error messages (HO)
)
(/usr/local/texlive/2015/texmf-dist/tex/generic/oberdiek/ltxcmds.sty
Package: ltxcmds 2011/11/09 v1.22 LaTeX kernel commands for general use (HO)
)
\Gread@gobject=\count87
))
\Gin@req@height=\dimen103
\Gin@req@width=\dimen104
)
(/usr/local/texlive/2015/texmf-dist/tex/latex/base/ifthen.sty
Package: ifthen 2014/09/29 v1.1c Standard LaTeX ifthen package (DPC)
)
\c@r@tfl@t=\count88
\rotFPtop=\skip43
\rotFPbot=\skip44
\rot@float@box=\box26
\rot@mess@toks=\toks16
)
(/usr/local/texlive/2015/texmf-dist/tex/latex/graphics/epsfig.sty
Package: epsfig 1999/02/16 v1.7a (e)psfig emulation (SPQR)
\epsfxsize=\dimen105
\epsfysize=\dimen106
)
(/usr/local/texlive/2015/texmf-dist/tex/latex/subfigure/subfigure.sty
Package: subfigure 2002/03/15 v2.1.5 subfigure package
\subfigtopskip=\skip45
\subfigcapskip=\skip46
\subfigcaptopadj=\dimen107
\subfigbottomskip=\skip47
\subfigcapmargin=\dimen108
\subfiglabelskip=\skip48
\c@subfigure=\count89
\c@lofdepth=\count90
\c@subtable=\count91
\c@lotdepth=\count92

****************************************
* Local config file subfigure.cfg used *
****************************************
(/usr/local/texlive/2015/texmf-dist/tex/latex/subfigure/subfigure.cfg)
\subfig@top=\skip49
\subfig@bottom=\skip50
)
(/usr/local/texlive/2015/texmf-dist/tex/latex/fancyhdr/fancyheadings.sty
Package: fancyheadings 2008/02/04 1.99 Dummy package to call fancyhdr


Package fancyheadings Warning: Please stop using fancyheadings!
(fancyheadings)                Use fancyhdr instead.
(fancyheadings)                We will call fancyhdr with the very same
(fancyheadings)                options you passed to fancyheadings.
(fancyheadings)                
(fancyheadings)                fancyhdr is 99 percent compatible with
(fancyheadings)                fancyheadings. The only incompatibility is
(fancyheadings)                that \headrulewidth and \footrulewidth and
(fancyheadings)                their \plain... versions are no longer length
(fancyheadings)                parameters, but normal macros (to be changed
(fancyheadings)                with \renewcommand rather than \setlength)..

(/usr/local/texlive/2015/texmf-dist/tex/latex/fancyhdr/fancyhdr.sty
\fancy@headwidth=\skip51
\f@ncyO@elh=\skip52
\f@ncyO@erh=\skip53
\f@ncyO@olh=\skip54
\f@ncyO@orh=\skip55
\f@ncyO@elf=\skip56
\f@ncyO@erf=\skip57
\f@ncyO@olf=\skip58
\f@ncyO@orf=\skip59
))
(/usr/local/texlive/2015/texmf-dist/tex/latex/graphics/color.sty
Package: color 2014/10/28 v1.1a Standard LaTeX Color (DPC)

(/usr/local/texlive/2015/texmf-dist/tex/latex/latexconfig/color.cfg
File: color.cfg 2007/01/18 v1.5 color configuration of teTeX/TeXLive
)
Package color Info: Driver file: pdftex.def on input line 142.
)
(/usr/local/texlive/2015/texmf-dist/tex/latex/lineno/lineno.sty
Package: lineno 2005/11/02 line numbers on paragraphs v4.41
\linenopenalty=\count93
\output=\toks17
\linenoprevgraf=\count94
\linenumbersep=\dimen109
\linenumberwidth=\dimen110
\c@linenumber=\count95
\c@pagewiselinenumber=\count96
\c@LN@truepage=\count97
\c@internallinenumber=\count98
\c@internallinenumbers=\count99
\quotelinenumbersep=\dimen111
\bframerule=\dimen112
\bframesep=\dimen113
\bframebox=\box27
LaTeX Info: Redefining \\ on input line 3056.
)
(./guariguanchi_doc.aux)
\openout1 = `guariguanchi_doc.aux'.

LaTeX Font Info:    Checking defaults for OML/cmm/m/it on input line 30.
LaTeX Font Info:    ... okay on input line 30.
LaTeX Font Info:    Checking defaults for T1/cmr/m/n on input line 30.
LaTeX Font Info:    ... okay on input line 30.
LaTeX Font Info:    Checking defaults for OT1/cmr/m/n on input line 30.
LaTeX Font Info:    ... okay on input line 30.
LaTeX Font Info:    Checking defaults for OMS/cmsy/m/n on input line 30.
LaTeX Font Info:    ... okay on input line 30.
LaTeX Font Info:    Checking defaults for OMX/cmex/m/n on input line 30.
LaTeX Font Info:    ... okay on input line 30.
LaTeX Font Info:    Checking defaults for U/cmr/m/n on input line 30.
LaTeX Font Info:    ... okay on input line 30.

(/usr/local/texlive/2015/texmf-dist/tex/context/base/supp-pdf.mkii
[Loading MPS to PDF converter (version 2006.09.02).]
\scratchcounter=\count100
\scratchdimen=\dimen114
\scratchbox=\box28
\nofMPsegments=\count101
\nofMParguments=\count102
\everyMPshowfont=\toks18
\MPscratchCnt=\count103
\MPscratchDim=\dimen115
\MPnumerator=\count104
\makeMPintoPDFobject=\count105
\everyMPtoPDFconversion=\toks19
) (/usr/local/texlive/2015/texmf-dist/tex/generic/oberdiek/pdftexcmds.sty
Package: pdftexcmds 2011/11/29 v0.20 Utility functions of pdfTeX for LuaTeX (HO
)

(/usr/local/texlive/2015/texmf-dist/tex/generic/oberdiek/ifluatex.sty
Package: ifluatex 2010/03/01 v1.3 Provides the ifluatex switch (HO)
Package ifluatex Info: LuaTeX not detected.
)
(/usr/local/texlive/2015/texmf-dist/tex/generic/oberdiek/ifpdf.sty
Package: ifpdf 2011/01/30 v2.3 Provides the ifpdf switch (HO)
Package ifpdf Info: pdfTeX in PDF mode is detected.
)
Package pdftexcmds Info: LuaTeX not detected.
Package pdftexcmds Info: \pdf@primitive is available.
Package pdftexcmds Info: \pdf@ifprimitive is available.
Package pdftexcmds Info: \pdfdraftmode found.
)
(/usr/local/texlive/2015/texmf-dist/tex/latex/oberdiek/epstopdf-base.sty
Package: epstopdf-base 2010/02/09 v2.5 Base part for package epstopdf

(/usr/local/texlive/2015/texmf-dist/tex/latex/oberdiek/grfext.sty
Package: grfext 2010/08/19 v1.1 Manage graphics extensions (HO)

(/usr/local/texlive/2015/texmf-dist/tex/generic/oberdiek/kvdefinekeys.sty
Package: kvdefinekeys 2011/04/07 v1.3 Define keys (HO)
))
(/usr/local/texlive/2015/texmf-dist/tex/latex/oberdiek/kvoptions.sty
Package: kvoptions 2011/06/30 v3.11 Key value format for package options (HO)

(/usr/local/texlive/2015/texmf-dist/tex/generic/oberdiek/kvsetkeys.sty
Package: kvsetkeys 2012/04/25 v1.16 Key value parser (HO)

(/usr/local/texlive/2015/texmf-dist/tex/generic/oberdiek/etexcmds.sty
Package: etexcmds 2011/02/16 v1.5 Avoid name clashes with e-TeX commands (HO)
Package etexcmds Info: Could not find \expanded.
(etexcmds)             That can mean that you are not using pdfTeX 1.50 or
(etexcmds)             that some package has redefined \expanded.
(etexcmds)             In the latter case, load this package earlier.
)))
Package grfext Info: Graphics extension search list:
(grfext)             [.png,.pdf,.jpg,.mps,.jpeg,.jbig2,.jb2,.PNG,.PDF,.JPG,.JPE
G,.JBIG2,.JB2,.eps]
(grfext)             \AppendGraphicsExtensions on input line 452.

(/usr/local/texlive/2015/texmf-dist/tex/latex/latexconfig/epstopdf-sys.cfg
File: epstopdf-sys.cfg 2010/07/13 v1.3 Configuration of (r)epstopdf for TeX Liv
e
))
<figures/Guariguanchi_logo.png, id=1, 546.3612pt x 583.2189pt>
File: figures/Guariguanchi_logo.png Graphic file (type png)

<use figures/Guariguanchi_logo.png>
Package pdftex.def Info: figures/Guariguanchi_logo.png used on input line 48.
(pdftex.def)             Requested size: 308.71104pt x 329.54599pt.
LaTeX Font Info:    Try loading font information for U+msa on input line 51.

(/usr/local/texlive/2015/texmf-dist/tex/latex/amsfonts/umsa.fd
File: umsa.fd 2013/01/14 v3.01 AMS symbols A
)
LaTeX Font Info:    Try loading font information for U+msb on input line 51.

(/usr/local/texlive/2015/texmf-dist/tex/latex/amsfonts/umsb.fd
File: umsb.fd 2013/01/14 v3.01 AMS symbols B
) [1

{/usr/local/texlive/2015/texmf-var/fonts/map/pdftex/updmap/pdftex.map} <./figur
es/Guariguanchi_logo.png>] [2] (./guariguanchi_doc.toc [3])
\tf@toc=\write3
\openout3 = `guariguanchi_doc.toc'.

 [4] (./Introduction.tex
LaTeX Font Info:    Try loading font information for OMS+cmr on input line 22.

(/usr/local/texlive/2015/texmf-dist/tex/latex/base/omscmr.fd
File: omscmr.fd 2014/09/29 v2.5h Standard LaTeX font definitions
)
LaTeX Font Info:    Font shape `OMS/cmr/m/n' in size <10.95> not available
(Font)              Font shape `OMS/cmsy/m/n' tried instead on input line 22.
)
(./Getting_Started.tex
Underfull \hbox (badness 10000) in paragraph at lines 10--14

 []

[5]
Underfull \hbox (badness 10000) in paragraph at lines 18--22

 []


Underfull \hbox (badness 10000) in paragraph at lines 35--39

 []


Underfull \hbox (badness 10000) in paragraph at lines 50--53

 []

[6]
Underfull \hbox (badness 10000) in paragraph at lines 109--113

 []

[7]
Underfull \hbox (badness 10000) in paragraph at lines 148--152

 []


Underfull \hbox (badness 1466) in paragraph at lines 153--159
\OT1/cmtt/m/n/10.95 BeamTestGeometry[]v1.txt\OT1/cmr/m/n/10.95 . It starts with
 the spec-i-fi-ca-tion of the ge-om-e-try name
 []

[8]
Underfull \hbox (badness 10000) in paragraph at lines 204--207

 []


Underfull \hbox (badness 10000) in paragraph at lines 216--219

 []

[9] [10] [11]
Underfull \hbox (badness 10000) in paragraph at lines 345--348

 []


Overfull \hbox (18.13992pt too wide) in paragraph at lines 358--361
\OT1/cmtt/m/n/10 ./bin/GuariguanchiApp fullpath/VertexDetector[]and[]Tracker[]d
atacard[]TrackerResolution.txt\OT1/cmr/m/n/10.95 .
 []


Underfull \hbox (badness 10000) in paragraph at lines 358--361

 []


Underfull \hbox (badness 10000) in paragraph at lines 358--361

 []

[12]
Underfull \hbox (badness 10000) in paragraph at lines 374--377

 []


Overfull \hbox (18.13992pt too wide) in paragraph at lines 382--385
\OT1/cmtt/m/n/10 ./bin/GuariguanchiApp fullpath/VertexDetector[]and[]Tracker[]d
atacard[]TelescopeAnalysis.txt\OT1/cmr/m/n/10.95 .
 []


Underfull \hbox (badness 10000) in paragraph at lines 382--385

 []


Underfull \hbox (badness 10000) in paragraph at lines 382--385

 []


Underfull \hbox (badness 10000) in paragraph at lines 393--396

 []


Overfull \hbox (23.38988pt too wide) in paragraph at lines 408--411
\OT1/cmtt/m/n/10 ./bin/GuariguanchiApp fullpath/VertexDetector[]and[]Tracker[]d
atacard[]TrackingEfficiency.txt\OT1/cmr/m/n/10.95 .
 []


Underfull \hbox (badness 10000) in paragraph at lines 408--411

 []


Underfull \hbox (badness 10000) in paragraph at lines 408--411

 []

[13]
Underfull \hbox (badness 10000) in paragraph at lines 431--434

 []


Overfull \hbox (44.3897pt too wide) in paragraph at lines 443--446
\OT1/cmtt/m/n/10 ./bin/GuariguanchiApp fullpath/VertexDetector[]and[]Tracker[]d
atacard[]MaterialBudgetAnalysis.txt\OT1/cmr/m/n/10.95 .
 []


Underfull \hbox (badness 10000) in paragraph at lines 443--446

 []


Underfull \hbox (badness 10000) in paragraph at lines 443--446

 []

[14]
Underfull \hbox (badness 10000) in paragraph at lines 469--472

 []


Underfull \hbox (badness 1953) in paragraph at lines 473--477
\OT1/cmr/m/n/10.95 Before run-ning any anal-y-sis lets take a look at the ge-om
-e-try, which is the file
 []

[15]
Underfull \hbox (badness 10000) in paragraph at lines 535--538

 []


Underfull \hbox (badness 10000) in paragraph at lines 550--553

 []

[16]
Underfull \hbox (badness 10000) in paragraph at lines 576--579

 []

[17]
Underfull \hbox (badness 10000) in paragraph at lines 599--602

 []


Underfull \hbox (badness 10000) in paragraph at lines 617--620

 []


Underfull \hbox (badness 10000) in paragraph at lines 629--632

 []


Underfull \hbox (badness 10000) in paragraph at lines 645--648

 []

[18]
Underfull \hbox (badness 10000) in paragraph at lines 664--667

 []


Underfull \hbox (badness 10000) in paragraph at lines 684--688

 []


Underfull \hbox (badness 10000) in paragraph at lines 689--692
\OT1/cmr/m/n/10.95 The ex-e-cu-tion should take a cou-ple of mins. Only a \OT1/
cmtt/m/n/10.95 .pdf \OT1/cmr/m/n/10.95 in-side the
 []

[19]) (./Mathematical_Formalism.tex
<figures/CalcSquem.pdf, id=77, 845.1575pt x 598.235pt>
File: figures/CalcSquem.pdf Graphic file (type pdf)

<use figures/CalcSquem.pdf>
Package pdftex.def Info: figures/CalcSquem.pdf used on input line 12.
(pdftex.def)             Requested size: 308.71104pt x 218.52283pt.
 [20] [21 <./figures/CalcSquem.pdf, page is rotated 90 degrees>] [22] [23] [24]
 [25] [26] [27]
<figures/FPCCD_Seeding.pdf, id=114, 845.04686pt x 597.50786pt>
File: figures/FPCCD_Seeding.pdf Graphic file (type pdf)

<use figures/FPCCD_Seeding.pdf>
Package pdftex.def Info: figures/FPCCD_Seeding.pdf used on input line 388.
(pdftex.def)             Requested size: 264.61331pt x 187.09454pt.
 [28 <./figures/FPCCD_Seeding.pdf>])
(./Configuration.tex [29]
Underfull \hbox (badness 10000) in paragraph at lines 31--41

 []


Underfull \hbox (badness 10000) in paragraph at lines 31--41

 []


Underfull \hbox (badness 10000) in paragraph at lines 49--55

 []


Underfull \hbox (badness 10000) in paragraph at lines 67--75

 []

[30]
Underfull \hbox (badness 10000) in paragraph at lines 84--101

 []

[31] [32] [33] [34]
Underfull \hbox (badness 5924) in paragraph at lines 288--293
[]\OT1/cmr/m/n/10.95 The \OT1/cmtt/m/n/10.95 ResolutionModel \OT1/cmr/m/n/10.95
 pa-ram-e-ter is a string re-fer-ring to the name of an
 []

[35] [36] [37] [38] [39] [40] [41]
<figures/Spiral_Mosaic.pdf, id=175, 845.04686pt x 597.50786pt>
File: figures/Spiral_Mosaic.pdf Graphic file (type pdf)

<use figures/Spiral_Mosaic.pdf>
Package pdftex.def Info: figures/Spiral_Mosaic.pdf used on input line 680.
(pdftex.def)             Requested size: 396.91324pt x 280.64638pt.
 [42]
<figures/Alternating_Mosaic.pdf, id=179, 845.04686pt x 597.50786pt>
File: figures/Alternating_Mosaic.pdf Graphic file (type pdf)

<use figures/Alternating_Mosaic.pdf>
Package pdftex.def Info: figures/Alternating_Mosaic.pdf used on input line 709.

(pdftex.def)             Requested size: 396.91324pt x 280.64638pt.
 [43 <./figures/Spiral_Mosaic.pdf>]
[44 <./figures/Alternating_Mosaic.pdf>] [45]
<figures/Petal_Mosaic.pdf, id=235, 845.04686pt x 597.50786pt>
File: figures/Petal_Mosaic.pdf Graphic file (type pdf)

<use figures/Petal_Mosaic.pdf>
Package pdftex.def Info: figures/Petal_Mosaic.pdf used on input line 819.
(pdftex.def)             Requested size: 396.91324pt x 280.64638pt.

Underfull \hbox (badness 10000) in paragraph at lines 824--828

 []

[46 <./figures/Petal_Mosaic.pdf>]
Underfull \hbox (badness 1048) in paragraph at lines 852--855
\OT1/cmr/m/n/10.95 The \OT1/cmtt/m/n/10.95 Name \OT1/cmr/m/n/10.95 pa-ram-e-ter
 de-fines the res-o-lu-tion model. Any sen-sor with its pa-ram-e-ter
 []


Underfull \hbox (badness 10000) in paragraph at lines 874--878

 []

[47] [48] [49]
Underfull \hbox (badness 10000) in paragraph at lines 1028--1031

 []


Underfull \hbox (badness 10000) in paragraph at lines 1036--1040

 []

[50]
Underfull \hbox (badness 10000) in paragraph at lines 1073--1079

 []


Underfull \hbox (badness 10000) in paragraph at lines 1091--1096

 []


Underfull \hbox (badness 10000) in paragraph at lines 1097--1106

 []

[51]
Underfull \hbox (badness 10000) in paragraph at lines 1109--1114

 []


Underfull \hbox (badness 10000) in paragraph at lines 1115--1124

 []


Underfull \hbox (badness 10000) in paragraph at lines 1127--1132

 []


Underfull \hbox (badness 10000) in paragraph at lines 1133--1142

 []


Underfull \hbox (badness 10000) in paragraph at lines 1145--1150

 []


Underfull \hbox (badness 10000) in paragraph at lines 1151--1160

 []


Underfull \hbox (badness 10000) in paragraph at lines 1162--1166

 []

[52]
Underfull \hbox (badness 10000) in paragraph at lines 1173--1178

 []


Underfull \hbox (badness 10000) in paragraph at lines 1179--1188

 []


Underfull \hbox (badness 10000) in paragraph at lines 1191--1196

 []


Underfull \hbox (badness 10000) in paragraph at lines 1197--1206

 []


Underfull \hbox (badness 10000) in paragraph at lines 1209--1214

 []


Underfull \hbox (badness 10000) in paragraph at lines 1215--1224

 []

[53] [54] [55]
Underfull \hbox (badness 10000) in paragraph at lines 1355--1361

 []


Underfull \hbox (badness 10000) in paragraph at lines 1373--1386

 []

[56]
Underfull \hbox (badness 10000) in paragraph at lines 1426--1436

 []

[57]) (./Class_structure.tex [58] [59] [60] [61]
Underfull \hbox (badness 1571) in paragraph at lines 193--195
\OT1/cmr/m/n/10.95 ume (\OT1/cmtt/m/n/10.95 GGeoObject\OT1/cmr/m/n/10.95 ), a l
ist of ge-om-e-try el-e-ments (\OT1/cmtt/m/n/10.95 GGeoObject\OT1/cmr/m/n/10.95
 ), a list of res-o-lu-tion
 []


LaTeX Warning: Citation `GGG' on page 62 undefined on input line 211.


Underfull \hbox (badness 10000) in paragraph at lines 216--220

 []

[62]
Underfull \hbox (badness 10000) in paragraph at lines 224--228

 []


Underfull \hbox (badness 10000) in paragraph at lines 249--250
[]\OT1/cmr/m/n/10.95 The ac-tual im-ple-men-ta-tion of the track-ing ef-fi-cien
cy cal-cu-la-tion is per-
 []


Underfull \hbox (badness 10000) in paragraph at lines 249--250
\OT1/cmr/m/n/10.95 formed in-side the Tracker class (c.f. sec-tion 6.10[]) in-s
ide the func-tion
 []

[63]
Underfull \hbox (badness 2772) in paragraph at lines 279--282
[]\OT1/cmr/m/n/10.95 Finally, all the other anal-y-ses, Track pa-ram-e-ters res
-o-lu-tion (see sec-tion 5.3[]),
 []


Underfull \hbox (badness 1448) in paragraph at lines 279--282
\OT1/cmr/m/n/10.95 tele-scope (see sec-tion 5.4[]) and ma-te-rial bud-get (see 
sec-tion 5.2[]), are im-ple-mented
 []


Underfull \hbox (badness 5446) in paragraph at lines 279--282
\OT1/cmr/m/n/10.95 in \OT1/cmtt/m/n/10.95 src/AnalysisHandler.cc \OT1/cmr/m/n/1
0.95 file with the func-tions, \OT1/cmtt/m/n/10.95 doTrkResolAnalysis() \OT1/cm
r/m/n/10.95 and
 []

) (./Summary.tex) (./Acknowledgements.tex) (./Biblio.tex [64]
Underfull \hbox (badness 10000) in paragraph at lines 10--12

 []


Underfull \hbox (badness 10000) in paragraph at lines 39--41
[]\OT1/cmr/m/n/10.95 A. Mas-trose-rio \OT1/cmr/m/it/10.95 et al.\OT1/cmr/m/n/10
.95 , \OT1/cmr/m/it/10.95 Sim-u-la-tion tools for the AL-ICE ITS Up-grade\OT1/c
mr/m/n/10.95 ,
 []


Overfull \hbox (40.82587pt too wide) in paragraph at lines 39--41
\OT1/cmr/m/it/10 http://aliceinfo.cern.ch/ITSUpgrade/sites/aliceinfo.cern.ch.IT
SUpgrade/files/documents/Upgrade[]IN.pdf\OT1/cmr/m/n/10.95 . 
 []

) [65] (./guariguanchi_doc.aux)

LaTeX Warning: There were undefined references.


LaTeX Warning: Label(s) may have changed. Rerun to get cross-references right.

 ) 
Here is how much of TeX's memory you used:
 2653 strings out of 493089
 38022 string characters out of 6134842
 103080 words of memory out of 5000000
 6052 multiletter control sequences out of 15000+600000
 13687 words of font info for 51 fonts, out of 8000000 for 9000
 1141 hyphenation exceptions out of 8191
 38i,8n,45p,755b,303s stack positions out of 5000i,500n,10000p,200000b,80000s
</usr/local/texlive/2015/texmf-dist/fonts/type1/public/amsfonts/cm/cmbx10.pfb
></usr/local/texlive/2015/texmf-dist/fonts/type1/public/amsfonts/cm/cmbx12.pfb>
</usr/local/texlive/2015/texmf-dist/fonts/type1/public/amsfonts/cm/cmex10.pfb><
/usr/local/texlive/2015/texmf-dist/fonts/type1/public/amsfonts/cm/cmmi10.pfb></
usr/local/texlive/2015/texmf-dist/fonts/type1/public/amsfonts/cm/cmmi6.pfb></us
r/local/texlive/2015/texmf-dist/fonts/type1/public/amsfonts/cm/cmmi8.pfb></usr/
local/texlive/2015/texmf-dist/fonts/type1/public/amsfonts/cm/cmr10.pfb></usr/lo
cal/texlive/2015/texmf-dist/fonts/type1/public/amsfonts/cm/cmr12.pfb></usr/loca
l/texlive/2015/texmf-dist/fonts/type1/public/amsfonts/cm/cmr6.pfb></usr/local/t
exlive/2015/texmf-dist/fonts/type1/public/amsfonts/cm/cmr8.pfb></usr/local/texl
ive/2015/texmf-dist/fonts/type1/public/amsfonts/cm/cmsy10.pfb></usr/local/texli
ve/2015/texmf-dist/fonts/type1/public/amsfonts/cm/cmsy8.pfb></usr/local/texlive
/2015/texmf-dist/fonts/type1/public/amsfonts/cm/cmti10.pfb></usr/local/texlive/
2015/texmf-dist/fonts/type1/public/amsfonts/cm/cmti9.pfb></usr/local/texlive/20
15/texmf-dist/fonts/type1/public/amsfonts/cm/cmtt10.pfb>
Output written on guariguanchi_doc.pdf (65 pages, 1174678 bytes).
PDF statistics:
 372 PDF objects out of 1000 (max. 8388607)
 251 compressed objects within 3 object streams
 0 named destinations out of 1000 (max. 500000)
 31 words of extra memory for PDF output out of 10000 (max. 10000000)

